# JRE version: OpenJDK Runtime Environment Temurin-17.0.12+7 (17.0.12+7) (build 17.0.12+7)
# Java VM: OpenJDK 64-Bit Server VM Temurin-17.0.12+7 (17.0.12+7, mixed mode, tiered, compressed oops, compressed class ptrs, parallel gc, windows-amd64)
GC Precious Log:
 CPUs: 8 total, 8 available
 Memory: 7069M
 Large Page Support: Disabled
 NUMA Support: Disabled
 Compressed Oops: Enabled (32-bit)
 Alignments: Space 512K, Generation 512K, Heap 2M
 Heap Min Capacity: 100M
 Heap Initial Capacity: 100M
 Heap Max Capacity: 1G
 Pre-touch: Disabled
 Parallel Workers: 8
Heap:
 PSYoungGen      total 16384K, used 15587K [0x00000000eab00000, 0x00000000ebf80000, 0x0000000100000000)
  eden space 12800K, 95% used [0x00000000eab00000,0x00000000eb6f0dd8,0x00000000eb780000)
  from space 3584K, 93% used [0x00000000ebc00000,0x00000000ebf48048,0x00000000ebf80000)
  to   space 3584K, 0% used [0x00000000eb880000,0x00000000eb880000,0x00000000ebc00000)
 ParOldGen       total 144896K, used 129911K [0x00000000c0000000, 0x00000000c8d80000, 0x00000000eab00000)
  object space 144896K, 89% used [0x00000000c0000000,0x00000000c7eddf20,0x00000000c8d80000)
 Metaspace       used 52495K, committed 53312K, reserved 1114112K
  class space    used 5237K, committed 5632K, reserved 1048576K
GC Heap History (20 events):
Event: 104.475 GC heap before
{Heap before GC invocations=52 (full 4):
 PSYoungGen      total 19968K, used 19701K [0x00000000eab00000, 0x00000000ec800000, 0x0000000100000000)
  eden space 15360K, 100% used [0x00000000eab00000,0x00000000eba00000,0x00000000eba00000)
  from space 4608K, 94% used [0x00000000ec380000,0x00000000ec7bd540,0x00000000ec800000)
  to   space 6144K, 0% used [0x00000000ebc00000,0x00000000ebc00000,0x00000000ec200000)
 ParOldGen       total 117248K, used 97915K [0x00000000c0000000, 0x00000000c7280000, 0x00000000eab00000)
  object space 117248K, 83% used [0x00000000c0000000,0x00000000c5f9ec88,0x00000000c7280000)
 Metaspace       used 52495K, committed 53312K, reserved 1114112K
  class space    used 5237K, committed 5632K, reserved 1048576K
}
Event: 104.487 GC heap after
{Heap after GC invocations=52 (full 4):
 PSYoungGen      total 19968K, used 4381K [0x00000000eab00000, 0x00000000ec400000, 0x0000000100000000)
  eden space 15360K, 0% used [0x00000000eab00000,0x00000000eab00000,0x00000000eba00000)
  from space 4608K, 95% used [0x00000000ebc00000,0x00000000ec047640,0x00000000ec080000)
  to   space 3584K, 0% used [0x00000000ec080000,0x00000000ec080000,0x00000000ec400000)
 ParOldGen       total 117248K, used 102247K [0x00000000c0000000, 0x00000000c7280000, 0x00000000eab00000)
  object space 117248K, 87% used [0x00000000c0000000,0x00000000c63d9fe8,0x00000000c7280000)
 Metaspace       used 52495K, committed 53312K, reserved 1114112K
  class space    used 5237K, committed 5632K, reserved 1048576K
}
Event: 104.848 GC heap before
{Heap before GC invocations=53 (full 4):
 PSYoungGen      total 19968K, used 19741K [0x00000000eab00000, 0x00000000ec400000, 0x0000000100000000)
  eden space 15360K, 100% used [0x00000000eab00000,0x00000000eba00000,0x00000000eba00000)
  from space 4608K, 95% used [0x00000000ebc00000,0x00000000ec047640,0x00000000ec080000)
  to   space 3584K, 0% used [0x00000000ec080000,0x00000000ec080000,0x00000000ec400000)
 ParOldGen       total 117248K, used 102247K [0x00000000c0000000, 0x00000000c7280000, 0x00000000eab00000)
  object space 117248K, 87% used [0x00000000c0000000,0x00000000c63d9fe8,0x00000000c7280000)
 Metaspace       used 52495K, committed 53312K, reserved 1114112K
  class space    used 5237K, committed 5632K, reserved 1048576K
}
Event: 104.860 GC heap after
{Heap after GC invocations=53 (full 4):
 PSYoungGen      total 16384K, used 3583K [0x00000000eab00000, 0x00000000ecc00000, 0x0000000100000000)
  eden space 12800K, 0% used [0x00000000eab00000,0x00000000eab00000,0x00000000eb780000)
  from space 3584K, 99% used [0x00000000ec080000,0x00000000ec3ffd10,0x00000000ec400000)
  to   space 9216K, 0% used [0x00000000eb780000,0x00000000eb780000,0x00000000ec080000)
 ParOldGen       total 117248K, used 107128K [0x00000000c0000000, 0x00000000c7280000, 0x00000000eab00000)
  object space 117248K, 91% used [0x00000000c0000000,0x00000000c689e1f8,0x00000000c7280000)
 Metaspace       used 52495K, committed 53312K, reserved 1114112K
  class space    used 5237K, committed 5632K, reserved 1048576K
}
Event: 105.586 GC heap before
{Heap before GC invocations=54 (full 4):
 PSYoungGen      total 16384K, used 16383K [0x00000000eab00000, 0x00000000ecc00000, 0x0000000100000000)
  eden space 12800K, 100% used [0x00000000eab00000,0x00000000eb780000,0x00000000eb780000)
  from space 3584K, 99% used [0x00000000ec080000,0x00000000ec3ffd10,0x00000000ec400000)
  to   space 9216K, 0% used [0x00000000eb780000,0x00000000eb780000,0x00000000ec080000)
 ParOldGen       total 117248K, used 107128K [0x00000000c0000000, 0x00000000c7280000, 0x00000000eab00000)
  object space 117248K, 91% used [0x00000000c0000000,0x00000000c689e1f8,0x00000000c7280000)
 Metaspace       used 52495K, committed 53312K, reserved 1114112K
  class space    used 5237K, committed 5632K, reserved 1048576K
}
Event: 105.601 GC heap after
{Heap after GC invocations=54 (full 4):
 PSYoungGen      total 17408K, used 4290K [0x00000000eab00000, 0x00000000ec380000, 0x0000000100000000)
  eden space 12800K, 0% used [0x00000000eab00000,0x00000000eab00000,0x00000000eb780000)
  from space 4608K, 93% used [0x00000000eb780000,0x00000000ebbb0b60,0x00000000ebc00000)
  to   space 6144K, 0% used [0x00000000ebd80000,0x00000000ebd80000,0x00000000ec380000)
 ParOldGen       total 117248K, used 110755K [0x00000000c0000000, 0x00000000c7280000, 0x00000000eab00000)
  object space 117248K, 94% used [0x00000000c0000000,0x00000000c6c28e90,0x00000000c7280000)
 Metaspace       used 52495K, committed 53312K, reserved 1114112K
  class space    used 5237K, committed 5632K, reserved 1048576K
}
Event: 105.792 GC heap before
{Heap before GC invocations=55 (full 4):
 PSYoungGen      total 17408K, used 17090K [0x00000000eab00000, 0x00000000ec380000, 0x0000000100000000)
  eden space 12800K, 100% used [0x00000000eab00000,0x00000000eb780000,0x00000000eb780000)
  from space 4608K, 93% used [0x00000000eb780000,0x00000000ebbb0b60,0x00000000ebc00000)
  to   space 6144K, 0% used [0x00000000ebd80000,0x00000000ebd80000,0x00000000ec380000)
 ParOldGen       total 117248K, used 110755K [0x00000000c0000000, 0x00000000c7280000, 0x00000000eab00000)
  object space 117248K, 94% used [0x00000000c0000000,0x00000000c6c28e90,0x00000000c7280000)
 Metaspace       used 52495K, committed 53312K, reserved 1114112K
  class space    used 5237K, committed 5632K, reserved 1048576K
}
Event: 105.805 GC heap after
{Heap after GC invocations=55 (full 4):
 PSYoungGen      total 16384K, used 3244K [0x00000000eab00000, 0x00000000ec100000, 0x0000000100000000)
  eden space 12800K, 0% used [0x00000000eab00000,0x00000000eab00000,0x00000000eb780000)
  from space 3584K, 90% used [0x00000000ebd80000,0x00000000ec0ab3b8,0x00000000ec100000)
  to   space 4096K, 0% used [0x00000000eb900000,0x00000000eb900000,0x00000000ebd00000)
 ParOldGen       total 117248K, used 114964K [0x00000000c0000000, 0x00000000c7280000, 0x00000000eab00000)
  object space 117248K, 98% used [0x00000000c0000000,0x00000000c70451a8,0x00000000c7280000)
 Metaspace       used 52495K, committed 53312K, reserved 1114112K
  class space    used 5237K, committed 5632K, reserved 1048576K
}
Event: 105.805 GC heap before
{Heap before GC invocations=56 (full 5):
 PSYoungGen      total 16384K, used 3244K [0x00000000eab00000, 0x00000000ec100000, 0x0000000100000000)
  eden space 12800K, 0% used [0x00000000eab00000,0x00000000eab00000,0x00000000eb780000)
  from space 3584K, 90% used [0x00000000ebd80000,0x00000000ec0ab3b8,0x00000000ec100000)
  to   space 4096K, 0% used [0x00000000eb900000,0x00000000eb900000,0x00000000ebd00000)
 ParOldGen       total 117248K, used 114964K [0x00000000c0000000, 0x00000000c7280000, 0x00000000eab00000)
  object space 117248K, 98% used [0x00000000c0000000,0x00000000c70451a8,0x00000000c7280000)
 Metaspace       used 52495K, committed 53312K, reserved 1114112K
  class space    used 5237K, committed 5632K, reserved 1048576K
}
Event: 106.042 GC heap after
{Heap after GC invocations=56 (full 5):
 PSYoungGen      total 13312K, used 0K [0x00000000eab00000, 0x00000000ebf80000, 0x0000000100000000)
  eden space 12800K, 0% used [0x00000000eab00000,0x00000000eab00000,0x00000000eb780000)
  from space 512K, 0% used [0x00000000eb900000,0x00000000eb900000,0x00000000eb980000)
  to   space 4096K, 0% used [0x00000000ebb80000,0x00000000ebb80000,0x00000000ebf80000)
 ParOldGen       total 144896K, used 116017K [0x00000000c0000000, 0x00000000c8d80000, 0x00000000eab00000)
  object space 144896K, 80% used [0x00000000c0000000,0x00000000c714c408,0x00000000c8d80000)
 Metaspace       used 52495K, committed 53312K, reserved 1114112K
  class space    used 5237K, committed 5632K, reserved 1048576K
}
Event: 106.173 GC heap before
{Heap before GC invocations=57 (full 5):
 PSYoungGen      total 13312K, used 12800K [0x00000000eab00000, 0x00000000ebf80000, 0x0000000100000000)
  eden space 12800K, 100% used [0x00000000eab00000,0x00000000eb780000,0x00000000eb780000)
  from space 512K, 0% used [0x00000000eb900000,0x00000000eb900000,0x00000000eb980000)
  to   space 4096K, 0% used [0x00000000ebb80000,0x00000000ebb80000,0x00000000ebf80000)
 ParOldGen       total 144896K, used 116017K [0x00000000c0000000, 0x00000000c8d80000, 0x00000000eab00000)
  object space 144896K, 80% used [0x00000000c0000000,0x00000000c714c408,0x00000000c8d80000)
 Metaspace       used 52495K, committed 53312K, reserved 1114112K
  class space    used 5237K, committed 5632K, reserved 1048576K
}
Event: 106.181 GC heap after
{Heap after GC invocations=57 (full 5):
 PSYoungGen      total 16384K, used 3304K [0x00000000eab00000, 0x00000000ebf00000, 0x0000000100000000)
  eden space 12800K, 0% used [0x00000000eab00000,0x00000000eab00000,0x00000000eb780000)
  from space 3584K, 92% used [0x00000000ebb80000,0x00000000ebeba270,0x00000000ebf00000)
  to   space 3584K, 0% used [0x00000000eb800000,0x00000000eb800000,0x00000000ebb80000)
 ParOldGen       total 144896K, used 116017K [0x00000000c0000000, 0x00000000c8d80000, 0x00000000eab00000)
  object space 144896K, 80% used [0x00000000c0000000,0x00000000c714c408,0x00000000c8d80000)
 Metaspace       used 52495K, committed 53312K, reserved 1114112K
  class space    used 5237K, committed 5632K, reserved 1048576K
}
Event: 106.411 GC heap before
{Heap before GC invocations=58 (full 5):
 PSYoungGen      total 16384K, used 16104K [0x00000000eab00000, 0x00000000ebf00000, 0x0000000100000000)
  eden space 12800K, 100% used [0x00000000eab00000,0x00000000eb780000,0x00000000eb780000)
  from space 3584K, 92% used [0x00000000ebb80000,0x00000000ebeba270,0x00000000ebf00000)
  to   space 3584K, 0% used [0x00000000eb800000,0x00000000eb800000,0x00000000ebb80000)
 ParOldGen       total 144896K, used 116017K [0x00000000c0000000, 0x00000000c8d80000, 0x00000000eab00000)
  object space 144896K, 80% used [0x00000000c0000000,0x00000000c714c408,0x00000000c8d80000)
 Metaspace       used 52495K, committed 53312K, reserved 1114112K
  class space    used 5237K, committed 5632K, reserved 1048576K
}
Event: 106.425 GC heap after
{Heap after GC invocations=58 (full 5):
 PSYoungGen      total 16384K, used 3565K [0x00000000eab00000, 0x00000000ec680000, 0x0000000100000000)
  eden space 12800K, 0% used [0x00000000eab00000,0x00000000eab00000,0x00000000eb780000)
  from space 3584K, 99% used [0x00000000eb800000,0x00000000ebb7b588,0x00000000ebb80000)
  to   space 7680K, 0% used [0x00000000ebf00000,0x00000000ebf00000,0x00000000ec680000)
 ParOldGen       total 144896K, used 119265K [0x00000000c0000000, 0x00000000c8d80000, 0x00000000eab00000)
  object space 144896K, 82% used [0x00000000c0000000,0x00000000c7478430,0x00000000c8d80000)
 Metaspace       used 52495K, committed 53312K, reserved 1114112K
  class space    used 5237K, committed 5632K, reserved 1048576K
}
Event: 106.801 GC heap before
{Heap before GC invocations=59 (full 5):
 PSYoungGen      total 16384K, used 16365K [0x00000000eab00000, 0x00000000ec680000, 0x0000000100000000)
  eden space 12800K, 100% used [0x00000000eab00000,0x00000000eb780000,0x00000000eb780000)
  from space 3584K, 99% used [0x00000000eb800000,0x00000000ebb7b588,0x00000000ebb80000)
  to   space 7680K, 0% used [0x00000000ebf00000,0x00000000ebf00000,0x00000000ec680000)
 ParOldGen       total 144896K, used 119265K [0x00000000c0000000, 0x00000000c8d80000, 0x00000000eab00000)
  object space 144896K, 82% used [0x00000000c0000000,0x00000000c7478430,0x00000000c8d80000)
 Metaspace       used 52495K, committed 53312K, reserved 1114112K
  class space    used 5237K, committed 5632K, reserved 1048576K
}
Event: 106.822 GC heap after
{Heap after GC invocations=59 (full 5):
 PSYoungGen      total 17408K, used 4458K [0x00000000eab00000, 0x00000000ec380000, 0x0000000100000000)
  eden space 12800K, 0% used [0x00000000eab00000,0x00000000eab00000,0x00000000eb780000)
  from space 4608K, 96% used [0x00000000ebf00000,0x00000000ec35aa70,0x00000000ec380000)
  to   space 5632K, 0% used [0x00000000eb880000,0x00000000eb880000,0x00000000ebe00000)
 ParOldGen       total 144896K, used 122778K [0x00000000c0000000, 0x00000000c8d80000, 0x00000000eab00000)
  object space 144896K, 84% used [0x00000000c0000000,0x00000000c77e68c8,0x00000000c8d80000)
 Metaspace       used 52495K, committed 53312K, reserved 1114112K
  class space    used 5237K, committed 5632K, reserved 1048576K
}
Event: 107.284 GC heap before
{Heap before GC invocations=60 (full 5):
 PSYoungGen      total 17408K, used 17258K [0x00000000eab00000, 0x00000000ec380000, 0x0000000100000000)
  eden space 12800K, 100% used [0x00000000eab00000,0x00000000eb780000,0x00000000eb780000)
  from space 4608K, 96% used [0x00000000ebf00000,0x00000000ec35aa70,0x00000000ec380000)
  to   space 5632K, 0% used [0x00000000eb880000,0x00000000eb880000,0x00000000ebe00000)
 ParOldGen       total 144896K, used 122778K [0x00000000c0000000, 0x00000000c8d80000, 0x00000000eab00000)
  object space 144896K, 84% used [0x00000000c0000000,0x00000000c77e68c8,0x00000000c8d80000)
 Metaspace       used 52495K, committed 53312K, reserved 1114112K
  class space    used 5237K, committed 5632K, reserved 1048576K
}
Event: 107.301 GC heap after
{Heap after GC invocations=60 (full 5):
 PSYoungGen      total 16384K, used 3397K [0x00000000eab00000, 0x00000000ebf80000, 0x0000000100000000)
  eden space 12800K, 0% used [0x00000000eab00000,0x00000000eab00000,0x00000000eb780000)
  from space 3584K, 94% used [0x00000000eb880000,0x00000000ebbd1640,0x00000000ebc00000)
  to   space 3584K, 0% used [0x00000000ebc00000,0x00000000ebc00000,0x00000000ebf80000)
 ParOldGen       total 144896K, used 126600K [0x00000000c0000000, 0x00000000c8d80000, 0x00000000eab00000)
  object space 144896K, 87% used [0x00000000c0000000,0x00000000c7ba21b0,0x00000000c8d80000)
 Metaspace       used 52495K, committed 53312K, reserved 1114112K
  class space    used 5237K, committed 5632K, reserved 1048576K
}
Event: 107.824 GC heap before
{Heap before GC invocations=61 (full 5):
 PSYoungGen      total 16384K, used 16197K [0x00000000eab00000, 0x00000000ebf80000, 0x0000000100000000)
  eden space 12800K, 100% used [0x00000000eab00000,0x00000000eb780000,0x00000000eb780000)
  from space 3584K, 94% used [0x00000000eb880000,0x00000000ebbd1640,0x00000000ebc00000)
  to   space 3584K, 0% used [0x00000000ebc00000,0x00000000ebc00000,0x00000000ebf80000)
 ParOldGen       total 144896K, used 126600K [0x00000000c0000000, 0x00000000c8d80000, 0x00000000eab00000)
  object space 144896K, 87% used [0x00000000c0000000,0x00000000c7ba21b0,0x00000000c8d80000)
 Metaspace       used 52495K, committed 53312K, reserved 1114112K
  class space    used 5237K, committed 5632K, reserved 1048576K
}
Event: 107.839 GC heap after
{Heap after GC invocations=61 (full 5):
 PSYoungGen      total 16384K, used 3360K [0x00000000eab00000, 0x00000000ebf80000, 0x0000000100000000)
  eden space 12800K, 0% used [0x00000000eab00000,0x00000000eab00000,0x00000000eb780000)
  from space 3584K, 93% used [0x00000000ebc00000,0x00000000ebf48048,0x00000000ebf80000)
  to   space 3584K, 0% used [0x00000000eb880000,0x00000000eb880000,0x00000000ebc00000)
 ParOldGen       total 144896K, used 129911K [0x00000000c0000000, 0x00000000c8d80000, 0x00000000eab00000)
  object space 144896K, 89% used [0x00000000c0000000,0x00000000c7eddf20,0x00000000c8d80000)
 Metaspace       used 52495K, committed 53312K, reserved 1114112K
  class space    used 5237K, committed 5632K, reserved 1048576K
}

